Terminals unused in grammar

   TOK_ERROR
   left


Grammar

    0 $accept: programa $end

    1 programa: TOK_MAIN '{' declaraciones funciones sentencias '}'

    2 declaraciones: declaracion
    3              | declaracion declaraciones

    4 declaracion: clase identificadores ';'

    5 clase: clase_escalar
    6      | clase_vector

    7 clase_escalar: tipo

    8 tipo: TOK_INT
    9     | TOK_BOOLEAN

   10 clase_vector: TOK_ARRAY tipo '[' constante_entera ']'

   11 identificadores: identificador
   12                | identificador ',' identificadores

   13 funciones: funcion funciones
   14          | %empty

   15 funcion: TOK_FUNCTION tipo identificador '(' parametros_funcion ')' '{' declaraciones_funcion sentencias '}'

   16 parametros_funcion: parametro_funcion resto_parametros_funcion
   17                   | %empty

   18 resto_parametros_funcion: ';' parametro_funcion resto_parametros_funcion
   19                         | %empty

   20 parametro_funcion: tipo identificador

   21 declaraciones_funcion: declaraciones
   22                      | %empty

   23 sentencias: sentencia
   24           | sentencia sentencias

   25 sentencia: sentencia_simple ';'
   26          | bloque

   27 sentencia_simple: asignacion
   28                 | lectura
   29                 | escritura
   30                 | retorno_funcion

   31 bloque: condicional
   32       | bucle

   33 asignacion: identificador '=' exp
   34           | elemento_vector '=' exp

   35 elemento_vector: identificador '[' exp ']'

   36 condicional: TOK_IF '(' exp ')' '{' sentencias '}'
   37            | TOK_IF '(' exp ')' '{' sentencias '}' TOK_ELSE '{' sentencias '}'

   38 bucle: TOK_WHILE '(' exp ')' '{' sentencias '}'

   39 lectura: TOK_SCANF identificador

   40 escritura: TOK_PRINTF exp

   41 retorno_funcion: TOK_RETURN exp

   42 exp: exp '+' exp
   43    | exp '-' exp
   44    | exp '/' exp
   45    | exp '*' exp
   46    | '-' exp
   47    | exp TOK_AND exp
   48    | exp TOK_OR exp
   49    | '!' exp
   50    | identificador
   51    | constante
   52    | '(' exp ')'
   53    | comparacion
   54    | elemento_vector
   55    | identificador '(' lista_expresiones ')'

   56 lista_expresiones: exp resto_lista_expresiones
   57                  | %empty

   58 resto_lista_expresiones: ',' exp resto_lista_expresiones
   59                        | %empty

   60 comparacion: exp TOK_IGUAL exp
   61            | exp TOK_DISTINTO exp
   62            | exp TOK_MENORIGUAL exp
   63            | exp TOK_MAYORIGUAL exp
   64            | exp '<' exp
   65            | exp '>' exp

   66 constante: constante_logica
   67          | constante_entera

   68 constante_logica: TOK_TRUE
   69                 | TOK_FALSE

   70 constante_entera: numero

   71 numero: digito
   72       | numero digito

   73 identificador: TOK_IDENTIFICADOR

   74 digito: TOK_CONSTANTE_ENTERA


Terminals, with rules where they appear

$end (0) 0
'!' (33) 49
'(' (40) 15 36 37 38 52 55
')' (41) 15 36 37 38 52 55
'*' (42) 45
'+' (43) 42
',' (44) 12 58
'-' (45) 43 46
'/' (47) 44
';' (59) 4 18 25
'<' (60) 64
'=' (61) 33 34
'>' (62) 65
'[' (91) 10 35
']' (93) 10 35
'{' (123) 1 15 36 37 38
'}' (125) 1 15 36 37 38
error (256)
TOK_IDENTIFICADOR (258) 73
TOK_CONSTANTE_ENTERA (259) 74
TOK_MAIN (260) 1
TOK_RETURN (261) 41
TOK_ARRAY (262) 10
TOK_INT (263) 8
TOK_BOOLEAN (264) 9
TOK_SCANF (265) 39
TOK_PRINTF (266) 40
TOK_IF (267) 36 37
TOK_ELSE (268) 37
TOK_WHILE (269) 38
TOK_OR (270) 48
TOK_AND (271) 47
TOK_DISTINTO (272) 61
TOK_IGUAL (273) 60
TOK_MENORIGUAL (274) 62
TOK_MAYORIGUAL (275) 63
TOK_FUNCTION (276) 15
TOK_TRUE (277) 68
TOK_FALSE (278) 69
TOK_ERROR (279)
left (280)


Nonterminals, with rules where they appear

$accept (42)
    on left: 0
programa (43)
    on left: 1, on right: 0
declaraciones (44)
    on left: 2 3, on right: 1 3 21
declaracion (45)
    on left: 4, on right: 2 3
clase (46)
    on left: 5 6, on right: 4
clase_escalar (47)
    on left: 7, on right: 5
tipo (48)
    on left: 8 9, on right: 7 10 15 20
clase_vector (49)
    on left: 10, on right: 6
identificadores (50)
    on left: 11 12, on right: 4 12
funciones (51)
    on left: 13 14, on right: 1 13
funcion (52)
    on left: 15, on right: 13
parametros_funcion (53)
    on left: 16 17, on right: 15
resto_parametros_funcion (54)
    on left: 18 19, on right: 16 18
parametro_funcion (55)
    on left: 20, on right: 16 18
declaraciones_funcion (56)
    on left: 21 22, on right: 15
sentencias (57)
    on left: 23 24, on right: 1 15 24 36 37 38
sentencia (58)
    on left: 25 26, on right: 23 24
sentencia_simple (59)
    on left: 27 28 29 30, on right: 25
bloque (60)
    on left: 31 32, on right: 26
asignacion (61)
    on left: 33 34, on right: 27
elemento_vector (62)
    on left: 35, on right: 34 54
condicional (63)
    on left: 36 37, on right: 31
bucle (64)
    on left: 38, on right: 32
lectura (65)
    on left: 39, on right: 28
escritura (66)
    on left: 40, on right: 29
retorno_funcion (67)
    on left: 41, on right: 30
exp (68)
    on left: 42 43 44 45 46 47 48 49 50 51 52 53 54 55, on right: 33
    34 35 36 37 38 40 41 42 43 44 45 46 47 48 49 52 56 58 60 61 62
    63 64 65
lista_expresiones (69)
    on left: 56 57, on right: 55
resto_lista_expresiones (70)
    on left: 58 59, on right: 56 58
comparacion (71)
    on left: 60 61 62 63 64 65, on right: 53
constante (72)
    on left: 66 67, on right: 51
constante_logica (73)
    on left: 68 69, on right: 66
constante_entera (74)
    on left: 70, on right: 10 67
numero (75)
    on left: 71 72, on right: 70 72
identificador (76)
    on left: 73, on right: 11 12 15 20 33 35 39 50 55
digito (77)
    on left: 74, on right: 71 72


State 0

    0 $accept: . programa $end

    TOK_MAIN  shift, and go to state 1

    programa  go to state 2


State 1

    1 programa: TOK_MAIN . '{' declaraciones funciones sentencias '}'

    '{'  shift, and go to state 3


State 2

    0 $accept: programa . $end

    $end  shift, and go to state 4


State 3

    1 programa: TOK_MAIN '{' . declaraciones funciones sentencias '}'

    TOK_ARRAY    shift, and go to state 5
    TOK_INT      shift, and go to state 6
    TOK_BOOLEAN  shift, and go to state 7

    declaraciones  go to state 8
    declaracion    go to state 9
    clase          go to state 10
    clase_escalar  go to state 11
    tipo           go to state 12
    clase_vector   go to state 13


State 4

    0 $accept: programa $end .

    $default  accept


State 5

   10 clase_vector: TOK_ARRAY . tipo '[' constante_entera ']'

    TOK_INT      shift, and go to state 6
    TOK_BOOLEAN  shift, and go to state 7

    tipo  go to state 14


State 6

    8 tipo: TOK_INT .

    $default  reduce using rule 8 (tipo)


State 7

    9 tipo: TOK_BOOLEAN .

    $default  reduce using rule 9 (tipo)


State 8

    1 programa: TOK_MAIN '{' declaraciones . funciones sentencias '}'

    TOK_FUNCTION  shift, and go to state 15

    $default  reduce using rule 14 (funciones)

    funciones  go to state 16
    funcion    go to state 17


State 9

    2 declaraciones: declaracion .
    3              | declaracion . declaraciones

    TOK_ARRAY    shift, and go to state 5
    TOK_INT      shift, and go to state 6
    TOK_BOOLEAN  shift, and go to state 7

    $default  reduce using rule 2 (declaraciones)

    declaraciones  go to state 18
    declaracion    go to state 9
    clase          go to state 10
    clase_escalar  go to state 11
    tipo           go to state 12
    clase_vector   go to state 13


State 10

    4 declaracion: clase . identificadores ';'

    TOK_IDENTIFICADOR  shift, and go to state 19

    identificadores  go to state 20
    identificador    go to state 21


State 11

    5 clase: clase_escalar .

    $default  reduce using rule 5 (clase)


State 12

    7 clase_escalar: tipo .

    $default  reduce using rule 7 (clase_escalar)


State 13

    6 clase: clase_vector .

    $default  reduce using rule 6 (clase)


State 14

   10 clase_vector: TOK_ARRAY tipo . '[' constante_entera ']'

    '['  shift, and go to state 22


State 15

   15 funcion: TOK_FUNCTION . tipo identificador '(' parametros_funcion ')' '{' declaraciones_funcion sentencias '}'

    TOK_INT      shift, and go to state 6
    TOK_BOOLEAN  shift, and go to state 7

    tipo  go to state 23


State 16

    1 programa: TOK_MAIN '{' declaraciones funciones . sentencias '}'

    TOK_IDENTIFICADOR  shift, and go to state 19
    TOK_RETURN         shift, and go to state 24
    TOK_SCANF          shift, and go to state 25
    TOK_PRINTF         shift, and go to state 26
    TOK_IF             shift, and go to state 27
    TOK_WHILE          shift, and go to state 28

    sentencias        go to state 29
    sentencia         go to state 30
    sentencia_simple  go to state 31
    bloque            go to state 32
    asignacion        go to state 33
    elemento_vector   go to state 34
    condicional       go to state 35
    bucle             go to state 36
    lectura           go to state 37
    escritura         go to state 38
    retorno_funcion   go to state 39
    identificador     go to state 40


State 17

   13 funciones: funcion . funciones

    TOK_FUNCTION  shift, and go to state 15

    $default  reduce using rule 14 (funciones)

    funciones  go to state 41
    funcion    go to state 17


State 18

    3 declaraciones: declaracion declaraciones .

    $default  reduce using rule 3 (declaraciones)


State 19

   73 identificador: TOK_IDENTIFICADOR .

    $default  reduce using rule 73 (identificador)


State 20

    4 declaracion: clase identificadores . ';'

    ';'  shift, and go to state 42


State 21

   11 identificadores: identificador .
   12                | identificador . ',' identificadores

    ','  shift, and go to state 43

    $default  reduce using rule 11 (identificadores)


State 22

   10 clase_vector: TOK_ARRAY tipo '[' . constante_entera ']'

    TOK_CONSTANTE_ENTERA  shift, and go to state 44

    constante_entera  go to state 45
    numero            go to state 46
    digito            go to state 47


State 23

   15 funcion: TOK_FUNCTION tipo . identificador '(' parametros_funcion ')' '{' declaraciones_funcion sentencias '}'

    TOK_IDENTIFICADOR  shift, and go to state 19

    identificador  go to state 48


State 24

   41 retorno_funcion: TOK_RETURN . exp

    TOK_IDENTIFICADOR     shift, and go to state 19
    TOK_CONSTANTE_ENTERA  shift, and go to state 44
    TOK_TRUE              shift, and go to state 49
    TOK_FALSE             shift, and go to state 50
    '-'                   shift, and go to state 51
    '!'                   shift, and go to state 52
    '('                   shift, and go to state 53

    elemento_vector   go to state 54
    exp               go to state 55
    comparacion       go to state 56
    constante         go to state 57
    constante_logica  go to state 58
    constante_entera  go to state 59
    numero            go to state 46
    identificador     go to state 60
    digito            go to state 47


State 25

   39 lectura: TOK_SCANF . identificador

    TOK_IDENTIFICADOR  shift, and go to state 19

    identificador  go to state 61


State 26

   40 escritura: TOK_PRINTF . exp

    TOK_IDENTIFICADOR     shift, and go to state 19
    TOK_CONSTANTE_ENTERA  shift, and go to state 44
    TOK_TRUE              shift, and go to state 49
    TOK_FALSE             shift, and go to state 50
    '-'                   shift, and go to state 51
    '!'                   shift, and go to state 52
    '('                   shift, and go to state 53

    elemento_vector   go to state 54
    exp               go to state 62
    comparacion       go to state 56
    constante         go to state 57
    constante_logica  go to state 58
    constante_entera  go to state 59
    numero            go to state 46
    identificador     go to state 60
    digito            go to state 47


State 27

   36 condicional: TOK_IF . '(' exp ')' '{' sentencias '}'
   37            | TOK_IF . '(' exp ')' '{' sentencias '}' TOK_ELSE '{' sentencias '}'

    '('  shift, and go to state 63


State 28

   38 bucle: TOK_WHILE . '(' exp ')' '{' sentencias '}'

    '('  shift, and go to state 64


State 29

    1 programa: TOK_MAIN '{' declaraciones funciones sentencias . '}'

    '}'  shift, and go to state 65


State 30

   23 sentencias: sentencia .
   24           | sentencia . sentencias

    TOK_IDENTIFICADOR  shift, and go to state 19
    TOK_RETURN         shift, and go to state 24
    TOK_SCANF          shift, and go to state 25
    TOK_PRINTF         shift, and go to state 26
    TOK_IF             shift, and go to state 27
    TOK_WHILE          shift, and go to state 28

    $default  reduce using rule 23 (sentencias)

    sentencias        go to state 66
    sentencia         go to state 30
    sentencia_simple  go to state 31
    bloque            go to state 32
    asignacion        go to state 33
    elemento_vector   go to state 34
    condicional       go to state 35
    bucle             go to state 36
    lectura           go to state 37
    escritura         go to state 38
    retorno_funcion   go to state 39
    identificador     go to state 40


State 31

   25 sentencia: sentencia_simple . ';'

    ';'  shift, and go to state 67


State 32

   26 sentencia: bloque .

    $default  reduce using rule 26 (sentencia)


State 33

   27 sentencia_simple: asignacion .

    $default  reduce using rule 27 (sentencia_simple)


State 34

   34 asignacion: elemento_vector . '=' exp

    '='  shift, and go to state 68


State 35

   31 bloque: condicional .

    $default  reduce using rule 31 (bloque)


State 36

   32 bloque: bucle .

    $default  reduce using rule 32 (bloque)


State 37

   28 sentencia_simple: lectura .

    $default  reduce using rule 28 (sentencia_simple)


State 38

   29 sentencia_simple: escritura .

    $default  reduce using rule 29 (sentencia_simple)


State 39

   30 sentencia_simple: retorno_funcion .

    $default  reduce using rule 30 (sentencia_simple)


State 40

   33 asignacion: identificador . '=' exp
   35 elemento_vector: identificador . '[' exp ']'

    '['  shift, and go to state 69
    '='  shift, and go to state 70


State 41

   13 funciones: funcion funciones .

    $default  reduce using rule 13 (funciones)


State 42

    4 declaracion: clase identificadores ';' .

    $default  reduce using rule 4 (declaracion)


State 43

   12 identificadores: identificador ',' . identificadores

    TOK_IDENTIFICADOR  shift, and go to state 19

    identificadores  go to state 71
    identificador    go to state 21


State 44

   74 digito: TOK_CONSTANTE_ENTERA .

    $default  reduce using rule 74 (digito)


State 45

   10 clase_vector: TOK_ARRAY tipo '[' constante_entera . ']'

    ']'  shift, and go to state 72


State 46

   70 constante_entera: numero .
   72 numero: numero . digito

    TOK_CONSTANTE_ENTERA  shift, and go to state 44

    $default  reduce using rule 70 (constante_entera)

    digito  go to state 73


State 47

   71 numero: digito .

    $default  reduce using rule 71 (numero)


State 48

   15 funcion: TOK_FUNCTION tipo identificador . '(' parametros_funcion ')' '{' declaraciones_funcion sentencias '}'

    '('  shift, and go to state 74


State 49

   68 constante_logica: TOK_TRUE .

    $default  reduce using rule 68 (constante_logica)


State 50

   69 constante_logica: TOK_FALSE .

    $default  reduce using rule 69 (constante_logica)


State 51

   46 exp: '-' . exp

    TOK_IDENTIFICADOR     shift, and go to state 19
    TOK_CONSTANTE_ENTERA  shift, and go to state 44
    TOK_TRUE              shift, and go to state 49
    TOK_FALSE             shift, and go to state 50
    '-'                   shift, and go to state 51
    '!'                   shift, and go to state 52
    '('                   shift, and go to state 53

    elemento_vector   go to state 54
    exp               go to state 75
    comparacion       go to state 56
    constante         go to state 57
    constante_logica  go to state 58
    constante_entera  go to state 59
    numero            go to state 46
    identificador     go to state 60
    digito            go to state 47


State 52

   49 exp: '!' . exp

    TOK_IDENTIFICADOR     shift, and go to state 19
    TOK_CONSTANTE_ENTERA  shift, and go to state 44
    TOK_TRUE              shift, and go to state 49
    TOK_FALSE             shift, and go to state 50
    '-'                   shift, and go to state 51
    '!'                   shift, and go to state 52
    '('                   shift, and go to state 53

    elemento_vector   go to state 54
    exp               go to state 76
    comparacion       go to state 56
    constante         go to state 57
    constante_logica  go to state 58
    constante_entera  go to state 59
    numero            go to state 46
    identificador     go to state 60
    digito            go to state 47


State 53

   52 exp: '(' . exp ')'

    TOK_IDENTIFICADOR     shift, and go to state 19
    TOK_CONSTANTE_ENTERA  shift, and go to state 44
    TOK_TRUE              shift, and go to state 49
    TOK_FALSE             shift, and go to state 50
    '-'                   shift, and go to state 51
    '!'                   shift, and go to state 52
    '('                   shift, and go to state 53

    elemento_vector   go to state 54
    exp               go to state 77
    comparacion       go to state 56
    constante         go to state 57
    constante_logica  go to state 58
    constante_entera  go to state 59
    numero            go to state 46
    identificador     go to state 60
    digito            go to state 47


State 54

   54 exp: elemento_vector .

    $default  reduce using rule 54 (exp)


State 55

   41 retorno_funcion: TOK_RETURN exp .
   42 exp: exp . '+' exp
   43    | exp . '-' exp
   44    | exp . '/' exp
   45    | exp . '*' exp
   47    | exp . TOK_AND exp
   48    | exp . TOK_OR exp
   60 comparacion: exp . TOK_IGUAL exp
   61            | exp . TOK_DISTINTO exp
   62            | exp . TOK_MENORIGUAL exp
   63            | exp . TOK_MAYORIGUAL exp
   64            | exp . '<' exp
   65            | exp . '>' exp

    TOK_OR          shift, and go to state 78
    TOK_AND         shift, and go to state 79
    TOK_DISTINTO    shift, and go to state 80
    TOK_IGUAL       shift, and go to state 81
    TOK_MENORIGUAL  shift, and go to state 82
    TOK_MAYORIGUAL  shift, and go to state 83
    '+'             shift, and go to state 84
    '-'             shift, and go to state 85
    '*'             shift, and go to state 86
    '/'             shift, and go to state 87
    '<'             shift, and go to state 88
    '>'             shift, and go to state 89

    $default  reduce using rule 41 (retorno_funcion)


State 56

   53 exp: comparacion .

    $default  reduce using rule 53 (exp)


State 57

   51 exp: constante .

    $default  reduce using rule 51 (exp)


State 58

   66 constante: constante_logica .

    $default  reduce using rule 66 (constante)


State 59

   67 constante: constante_entera .

    $default  reduce using rule 67 (constante)


State 60

   35 elemento_vector: identificador . '[' exp ']'
   50 exp: identificador .
   55    | identificador . '(' lista_expresiones ')'

    '['  shift, and go to state 69
    '('  shift, and go to state 90

    $default  reduce using rule 50 (exp)


State 61

   39 lectura: TOK_SCANF identificador .

    $default  reduce using rule 39 (lectura)


State 62

   40 escritura: TOK_PRINTF exp .
   42 exp: exp . '+' exp
   43    | exp . '-' exp
   44    | exp . '/' exp
   45    | exp . '*' exp
   47    | exp . TOK_AND exp
   48    | exp . TOK_OR exp
   60 comparacion: exp . TOK_IGUAL exp
   61            | exp . TOK_DISTINTO exp
   62            | exp . TOK_MENORIGUAL exp
   63            | exp . TOK_MAYORIGUAL exp
   64            | exp . '<' exp
   65            | exp . '>' exp

    TOK_OR          shift, and go to state 78
    TOK_AND         shift, and go to state 79
    TOK_DISTINTO    shift, and go to state 80
    TOK_IGUAL       shift, and go to state 81
    TOK_MENORIGUAL  shift, and go to state 82
    TOK_MAYORIGUAL  shift, and go to state 83
    '+'             shift, and go to state 84
    '-'             shift, and go to state 85
    '*'             shift, and go to state 86
    '/'             shift, and go to state 87
    '<'             shift, and go to state 88
    '>'             shift, and go to state 89

    $default  reduce using rule 40 (escritura)


State 63

   36 condicional: TOK_IF '(' . exp ')' '{' sentencias '}'
   37            | TOK_IF '(' . exp ')' '{' sentencias '}' TOK_ELSE '{' sentencias '}'

    TOK_IDENTIFICADOR     shift, and go to state 19
    TOK_CONSTANTE_ENTERA  shift, and go to state 44
    TOK_TRUE              shift, and go to state 49
    TOK_FALSE             shift, and go to state 50
    '-'                   shift, and go to state 51
    '!'                   shift, and go to state 52
    '('                   shift, and go to state 53

    elemento_vector   go to state 54
    exp               go to state 91
    comparacion       go to state 56
    constante         go to state 57
    constante_logica  go to state 58
    constante_entera  go to state 59
    numero            go to state 46
    identificador     go to state 60
    digito            go to state 47


State 64

   38 bucle: TOK_WHILE '(' . exp ')' '{' sentencias '}'

    TOK_IDENTIFICADOR     shift, and go to state 19
    TOK_CONSTANTE_ENTERA  shift, and go to state 44
    TOK_TRUE              shift, and go to state 49
    TOK_FALSE             shift, and go to state 50
    '-'                   shift, and go to state 51
    '!'                   shift, and go to state 52
    '('                   shift, and go to state 53

    elemento_vector   go to state 54
    exp               go to state 92
    comparacion       go to state 56
    constante         go to state 57
    constante_logica  go to state 58
    constante_entera  go to state 59
    numero            go to state 46
    identificador     go to state 60
    digito            go to state 47


State 65

    1 programa: TOK_MAIN '{' declaraciones funciones sentencias '}' .

    $default  reduce using rule 1 (programa)


State 66

   24 sentencias: sentencia sentencias .

    $default  reduce using rule 24 (sentencias)


State 67

   25 sentencia: sentencia_simple ';' .

    $default  reduce using rule 25 (sentencia)


State 68

   34 asignacion: elemento_vector '=' . exp

    TOK_IDENTIFICADOR     shift, and go to state 19
    TOK_CONSTANTE_ENTERA  shift, and go to state 44
    TOK_TRUE              shift, and go to state 49
    TOK_FALSE             shift, and go to state 50
    '-'                   shift, and go to state 51
    '!'                   shift, and go to state 52
    '('                   shift, and go to state 53

    elemento_vector   go to state 54
    exp               go to state 93
    comparacion       go to state 56
    constante         go to state 57
    constante_logica  go to state 58
    constante_entera  go to state 59
    numero            go to state 46
    identificador     go to state 60
    digito            go to state 47


State 69

   35 elemento_vector: identificador '[' . exp ']'

    TOK_IDENTIFICADOR     shift, and go to state 19
    TOK_CONSTANTE_ENTERA  shift, and go to state 44
    TOK_TRUE              shift, and go to state 49
    TOK_FALSE             shift, and go to state 50
    '-'                   shift, and go to state 51
    '!'                   shift, and go to state 52
    '('                   shift, and go to state 53

    elemento_vector   go to state 54
    exp               go to state 94
    comparacion       go to state 56
    constante         go to state 57
    constante_logica  go to state 58
    constante_entera  go to state 59
    numero            go to state 46
    identificador     go to state 60
    digito            go to state 47


State 70

   33 asignacion: identificador '=' . exp

    TOK_IDENTIFICADOR     shift, and go to state 19
    TOK_CONSTANTE_ENTERA  shift, and go to state 44
    TOK_TRUE              shift, and go to state 49
    TOK_FALSE             shift, and go to state 50
    '-'                   shift, and go to state 51
    '!'                   shift, and go to state 52
    '('                   shift, and go to state 53

    elemento_vector   go to state 54
    exp               go to state 95
    comparacion       go to state 56
    constante         go to state 57
    constante_logica  go to state 58
    constante_entera  go to state 59
    numero            go to state 46
    identificador     go to state 60
    digito            go to state 47


State 71

   12 identificadores: identificador ',' identificadores .

    $default  reduce using rule 12 (identificadores)


State 72

   10 clase_vector: TOK_ARRAY tipo '[' constante_entera ']' .

    $default  reduce using rule 10 (clase_vector)


State 73

   72 numero: numero digito .

    $default  reduce using rule 72 (numero)


State 74

   15 funcion: TOK_FUNCTION tipo identificador '(' . parametros_funcion ')' '{' declaraciones_funcion sentencias '}'

    TOK_INT      shift, and go to state 6
    TOK_BOOLEAN  shift, and go to state 7

    $default  reduce using rule 17 (parametros_funcion)

    tipo                go to state 96
    parametros_funcion  go to state 97
    parametro_funcion   go to state 98


State 75

   42 exp: exp . '+' exp
   43    | exp . '-' exp
   44    | exp . '/' exp
   45    | exp . '*' exp
   46    | '-' exp .
   47    | exp . TOK_AND exp
   48    | exp . TOK_OR exp
   60 comparacion: exp . TOK_IGUAL exp
   61            | exp . TOK_DISTINTO exp
   62            | exp . TOK_MENORIGUAL exp
   63            | exp . TOK_MAYORIGUAL exp
   64            | exp . '<' exp
   65            | exp . '>' exp

    TOK_DISTINTO    shift, and go to state 80
    TOK_IGUAL       shift, and go to state 81
    TOK_MENORIGUAL  shift, and go to state 82
    TOK_MAYORIGUAL  shift, and go to state 83
    '<'             shift, and go to state 88
    '>'             shift, and go to state 89

    $default  reduce using rule 46 (exp)


State 76

   42 exp: exp . '+' exp
   43    | exp . '-' exp
   44    | exp . '/' exp
   45    | exp . '*' exp
   47    | exp . TOK_AND exp
   48    | exp . TOK_OR exp
   49    | '!' exp .
   60 comparacion: exp . TOK_IGUAL exp
   61            | exp . TOK_DISTINTO exp
   62            | exp . TOK_MENORIGUAL exp
   63            | exp . TOK_MAYORIGUAL exp
   64            | exp . '<' exp
   65            | exp . '>' exp

    $default  reduce using rule 49 (exp)


State 77

   42 exp: exp . '+' exp
   43    | exp . '-' exp
   44    | exp . '/' exp
   45    | exp . '*' exp
   47    | exp . TOK_AND exp
   48    | exp . TOK_OR exp
   52    | '(' exp . ')'
   60 comparacion: exp . TOK_IGUAL exp
   61            | exp . TOK_DISTINTO exp
   62            | exp . TOK_MENORIGUAL exp
   63            | exp . TOK_MAYORIGUAL exp
   64            | exp . '<' exp
   65            | exp . '>' exp

    TOK_OR          shift, and go to state 78
    TOK_AND         shift, and go to state 79
    TOK_DISTINTO    shift, and go to state 80
    TOK_IGUAL       shift, and go to state 81
    TOK_MENORIGUAL  shift, and go to state 82
    TOK_MAYORIGUAL  shift, and go to state 83
    '+'             shift, and go to state 84
    '-'             shift, and go to state 85
    '*'             shift, and go to state 86
    '/'             shift, and go to state 87
    '<'             shift, and go to state 88
    '>'             shift, and go to state 89
    ')'             shift, and go to state 99


State 78

   48 exp: exp TOK_OR . exp

    TOK_IDENTIFICADOR     shift, and go to state 19
    TOK_CONSTANTE_ENTERA  shift, and go to state 44
    TOK_TRUE              shift, and go to state 49
    TOK_FALSE             shift, and go to state 50
    '-'                   shift, and go to state 51
    '!'                   shift, and go to state 52
    '('                   shift, and go to state 53

    elemento_vector   go to state 54
    exp               go to state 100
    comparacion       go to state 56
    constante         go to state 57
    constante_logica  go to state 58
    constante_entera  go to state 59
    numero            go to state 46
    identificador     go to state 60
    digito            go to state 47


State 79

   47 exp: exp TOK_AND . exp

    TOK_IDENTIFICADOR     shift, and go to state 19
    TOK_CONSTANTE_ENTERA  shift, and go to state 44
    TOK_TRUE              shift, and go to state 49
    TOK_FALSE             shift, and go to state 50
    '-'                   shift, and go to state 51
    '!'                   shift, and go to state 52
    '('                   shift, and go to state 53

    elemento_vector   go to state 54
    exp               go to state 101
    comparacion       go to state 56
    constante         go to state 57
    constante_logica  go to state 58
    constante_entera  go to state 59
    numero            go to state 46
    identificador     go to state 60
    digito            go to state 47


State 80

   61 comparacion: exp TOK_DISTINTO . exp

    TOK_IDENTIFICADOR     shift, and go to state 19
    TOK_CONSTANTE_ENTERA  shift, and go to state 44
    TOK_TRUE              shift, and go to state 49
    TOK_FALSE             shift, and go to state 50
    '-'                   shift, and go to state 51
    '!'                   shift, and go to state 52
    '('                   shift, and go to state 53

    elemento_vector   go to state 54
    exp               go to state 102
    comparacion       go to state 56
    constante         go to state 57
    constante_logica  go to state 58
    constante_entera  go to state 59
    numero            go to state 46
    identificador     go to state 60
    digito            go to state 47


State 81

   60 comparacion: exp TOK_IGUAL . exp

    TOK_IDENTIFICADOR     shift, and go to state 19
    TOK_CONSTANTE_ENTERA  shift, and go to state 44
    TOK_TRUE              shift, and go to state 49
    TOK_FALSE             shift, and go to state 50
    '-'                   shift, and go to state 51
    '!'                   shift, and go to state 52
    '('                   shift, and go to state 53

    elemento_vector   go to state 54
    exp               go to state 103
    comparacion       go to state 56
    constante         go to state 57
    constante_logica  go to state 58
    constante_entera  go to state 59
    numero            go to state 46
    identificador     go to state 60
    digito            go to state 47


State 82

   62 comparacion: exp TOK_MENORIGUAL . exp

    TOK_IDENTIFICADOR     shift, and go to state 19
    TOK_CONSTANTE_ENTERA  shift, and go to state 44
    TOK_TRUE              shift, and go to state 49
    TOK_FALSE             shift, and go to state 50
    '-'                   shift, and go to state 51
    '!'                   shift, and go to state 52
    '('                   shift, and go to state 53

    elemento_vector   go to state 54
    exp               go to state 104
    comparacion       go to state 56
    constante         go to state 57
    constante_logica  go to state 58
    constante_entera  go to state 59
    numero            go to state 46
    identificador     go to state 60
    digito            go to state 47


State 83

   63 comparacion: exp TOK_MAYORIGUAL . exp

    TOK_IDENTIFICADOR     shift, and go to state 19
    TOK_CONSTANTE_ENTERA  shift, and go to state 44
    TOK_TRUE              shift, and go to state 49
    TOK_FALSE             shift, and go to state 50
    '-'                   shift, and go to state 51
    '!'                   shift, and go to state 52
    '('                   shift, and go to state 53

    elemento_vector   go to state 54
    exp               go to state 105
    comparacion       go to state 56
    constante         go to state 57
    constante_logica  go to state 58
    constante_entera  go to state 59
    numero            go to state 46
    identificador     go to state 60
    digito            go to state 47


State 84

   42 exp: exp '+' . exp

    TOK_IDENTIFICADOR     shift, and go to state 19
    TOK_CONSTANTE_ENTERA  shift, and go to state 44
    TOK_TRUE              shift, and go to state 49
    TOK_FALSE             shift, and go to state 50
    '-'                   shift, and go to state 51
    '!'                   shift, and go to state 52
    '('                   shift, and go to state 53

    elemento_vector   go to state 54
    exp               go to state 106
    comparacion       go to state 56
    constante         go to state 57
    constante_logica  go to state 58
    constante_entera  go to state 59
    numero            go to state 46
    identificador     go to state 60
    digito            go to state 47


State 85

   43 exp: exp '-' . exp

    TOK_IDENTIFICADOR     shift, and go to state 19
    TOK_CONSTANTE_ENTERA  shift, and go to state 44
    TOK_TRUE              shift, and go to state 49
    TOK_FALSE             shift, and go to state 50
    '-'                   shift, and go to state 51
    '!'                   shift, and go to state 52
    '('                   shift, and go to state 53

    elemento_vector   go to state 54
    exp               go to state 107
    comparacion       go to state 56
    constante         go to state 57
    constante_logica  go to state 58
    constante_entera  go to state 59
    numero            go to state 46
    identificador     go to state 60
    digito            go to state 47


State 86

   45 exp: exp '*' . exp

    TOK_IDENTIFICADOR     shift, and go to state 19
    TOK_CONSTANTE_ENTERA  shift, and go to state 44
    TOK_TRUE              shift, and go to state 49
    TOK_FALSE             shift, and go to state 50
    '-'                   shift, and go to state 51
    '!'                   shift, and go to state 52
    '('                   shift, and go to state 53

    elemento_vector   go to state 54
    exp               go to state 108
    comparacion       go to state 56
    constante         go to state 57
    constante_logica  go to state 58
    constante_entera  go to state 59
    numero            go to state 46
    identificador     go to state 60
    digito            go to state 47


State 87

   44 exp: exp '/' . exp

    TOK_IDENTIFICADOR     shift, and go to state 19
    TOK_CONSTANTE_ENTERA  shift, and go to state 44
    TOK_TRUE              shift, and go to state 49
    TOK_FALSE             shift, and go to state 50
    '-'                   shift, and go to state 51
    '!'                   shift, and go to state 52
    '('                   shift, and go to state 53

    elemento_vector   go to state 54
    exp               go to state 109
    comparacion       go to state 56
    constante         go to state 57
    constante_logica  go to state 58
    constante_entera  go to state 59
    numero            go to state 46
    identificador     go to state 60
    digito            go to state 47


State 88

   64 comparacion: exp '<' . exp

    TOK_IDENTIFICADOR     shift, and go to state 19
    TOK_CONSTANTE_ENTERA  shift, and go to state 44
    TOK_TRUE              shift, and go to state 49
    TOK_FALSE             shift, and go to state 50
    '-'                   shift, and go to state 51
    '!'                   shift, and go to state 52
    '('                   shift, and go to state 53

    elemento_vector   go to state 54
    exp               go to state 110
    comparacion       go to state 56
    constante         go to state 57
    constante_logica  go to state 58
    constante_entera  go to state 59
    numero            go to state 46
    identificador     go to state 60
    digito            go to state 47


State 89

   65 comparacion: exp '>' . exp

    TOK_IDENTIFICADOR     shift, and go to state 19
    TOK_CONSTANTE_ENTERA  shift, and go to state 44
    TOK_TRUE              shift, and go to state 49
    TOK_FALSE             shift, and go to state 50
    '-'                   shift, and go to state 51
    '!'                   shift, and go to state 52
    '('                   shift, and go to state 53

    elemento_vector   go to state 54
    exp               go to state 111
    comparacion       go to state 56
    constante         go to state 57
    constante_logica  go to state 58
    constante_entera  go to state 59
    numero            go to state 46
    identificador     go to state 60
    digito            go to state 47


State 90

   55 exp: identificador '(' . lista_expresiones ')'

    TOK_IDENTIFICADOR     shift, and go to state 19
    TOK_CONSTANTE_ENTERA  shift, and go to state 44
    TOK_TRUE              shift, and go to state 49
    TOK_FALSE             shift, and go to state 50
    '-'                   shift, and go to state 51
    '!'                   shift, and go to state 52
    '('                   shift, and go to state 53

    $default  reduce using rule 57 (lista_expresiones)

    elemento_vector    go to state 54
    exp                go to state 112
    lista_expresiones  go to state 113
    comparacion        go to state 56
    constante          go to state 57
    constante_logica   go to state 58
    constante_entera   go to state 59
    numero             go to state 46
    identificador      go to state 60
    digito             go to state 47


State 91

   36 condicional: TOK_IF '(' exp . ')' '{' sentencias '}'
   37            | TOK_IF '(' exp . ')' '{' sentencias '}' TOK_ELSE '{' sentencias '}'
   42 exp: exp . '+' exp
   43    | exp . '-' exp
   44    | exp . '/' exp
   45    | exp . '*' exp
   47    | exp . TOK_AND exp
   48    | exp . TOK_OR exp
   60 comparacion: exp . TOK_IGUAL exp
   61            | exp . TOK_DISTINTO exp
   62            | exp . TOK_MENORIGUAL exp
   63            | exp . TOK_MAYORIGUAL exp
   64            | exp . '<' exp
   65            | exp . '>' exp

    TOK_OR          shift, and go to state 78
    TOK_AND         shift, and go to state 79
    TOK_DISTINTO    shift, and go to state 80
    TOK_IGUAL       shift, and go to state 81
    TOK_MENORIGUAL  shift, and go to state 82
    TOK_MAYORIGUAL  shift, and go to state 83
    '+'             shift, and go to state 84
    '-'             shift, and go to state 85
    '*'             shift, and go to state 86
    '/'             shift, and go to state 87
    '<'             shift, and go to state 88
    '>'             shift, and go to state 89
    ')'             shift, and go to state 114


State 92

   38 bucle: TOK_WHILE '(' exp . ')' '{' sentencias '}'
   42 exp: exp . '+' exp
   43    | exp . '-' exp
   44    | exp . '/' exp
   45    | exp . '*' exp
   47    | exp . TOK_AND exp
   48    | exp . TOK_OR exp
   60 comparacion: exp . TOK_IGUAL exp
   61            | exp . TOK_DISTINTO exp
   62            | exp . TOK_MENORIGUAL exp
   63            | exp . TOK_MAYORIGUAL exp
   64            | exp . '<' exp
   65            | exp . '>' exp

    TOK_OR          shift, and go to state 78
    TOK_AND         shift, and go to state 79
    TOK_DISTINTO    shift, and go to state 80
    TOK_IGUAL       shift, and go to state 81
    TOK_MENORIGUAL  shift, and go to state 82
    TOK_MAYORIGUAL  shift, and go to state 83
    '+'             shift, and go to state 84
    '-'             shift, and go to state 85
    '*'             shift, and go to state 86
    '/'             shift, and go to state 87
    '<'             shift, and go to state 88
    '>'             shift, and go to state 89
    ')'             shift, and go to state 115


State 93

   34 asignacion: elemento_vector '=' exp .
   42 exp: exp . '+' exp
   43    | exp . '-' exp
   44    | exp . '/' exp
   45    | exp . '*' exp
   47    | exp . TOK_AND exp
   48    | exp . TOK_OR exp
   60 comparacion: exp . TOK_IGUAL exp
   61            | exp . TOK_DISTINTO exp
   62            | exp . TOK_MENORIGUAL exp
   63            | exp . TOK_MAYORIGUAL exp
   64            | exp . '<' exp
   65            | exp . '>' exp

    TOK_OR          shift, and go to state 78
    TOK_AND         shift, and go to state 79
    TOK_DISTINTO    shift, and go to state 80
    TOK_IGUAL       shift, and go to state 81
    TOK_MENORIGUAL  shift, and go to state 82
    TOK_MAYORIGUAL  shift, and go to state 83
    '+'             shift, and go to state 84
    '-'             shift, and go to state 85
    '*'             shift, and go to state 86
    '/'             shift, and go to state 87
    '<'             shift, and go to state 88
    '>'             shift, and go to state 89

    $default  reduce using rule 34 (asignacion)


State 94

   35 elemento_vector: identificador '[' exp . ']'
   42 exp: exp . '+' exp
   43    | exp . '-' exp
   44    | exp . '/' exp
   45    | exp . '*' exp
   47    | exp . TOK_AND exp
   48    | exp . TOK_OR exp
   60 comparacion: exp . TOK_IGUAL exp
   61            | exp . TOK_DISTINTO exp
   62            | exp . TOK_MENORIGUAL exp
   63            | exp . TOK_MAYORIGUAL exp
   64            | exp . '<' exp
   65            | exp . '>' exp

    TOK_OR          shift, and go to state 78
    TOK_AND         shift, and go to state 79
    TOK_DISTINTO    shift, and go to state 80
    TOK_IGUAL       shift, and go to state 81
    TOK_MENORIGUAL  shift, and go to state 82
    TOK_MAYORIGUAL  shift, and go to state 83
    '+'             shift, and go to state 84
    '-'             shift, and go to state 85
    '*'             shift, and go to state 86
    '/'             shift, and go to state 87
    '<'             shift, and go to state 88
    '>'             shift, and go to state 89
    ']'             shift, and go to state 116


State 95

   33 asignacion: identificador '=' exp .
   42 exp: exp . '+' exp
   43    | exp . '-' exp
   44    | exp . '/' exp
   45    | exp . '*' exp
   47    | exp . TOK_AND exp
   48    | exp . TOK_OR exp
   60 comparacion: exp . TOK_IGUAL exp
   61            | exp . TOK_DISTINTO exp
   62            | exp . TOK_MENORIGUAL exp
   63            | exp . TOK_MAYORIGUAL exp
   64            | exp . '<' exp
   65            | exp . '>' exp

    TOK_OR          shift, and go to state 78
    TOK_AND         shift, and go to state 79
    TOK_DISTINTO    shift, and go to state 80
    TOK_IGUAL       shift, and go to state 81
    TOK_MENORIGUAL  shift, and go to state 82
    TOK_MAYORIGUAL  shift, and go to state 83
    '+'             shift, and go to state 84
    '-'             shift, and go to state 85
    '*'             shift, and go to state 86
    '/'             shift, and go to state 87
    '<'             shift, and go to state 88
    '>'             shift, and go to state 89

    $default  reduce using rule 33 (asignacion)


State 96

   20 parametro_funcion: tipo . identificador

    TOK_IDENTIFICADOR  shift, and go to state 19

    identificador  go to state 117


State 97

   15 funcion: TOK_FUNCTION tipo identificador '(' parametros_funcion . ')' '{' declaraciones_funcion sentencias '}'

    ')'  shift, and go to state 118


State 98

   16 parametros_funcion: parametro_funcion . resto_parametros_funcion

    ';'  shift, and go to state 119

    $default  reduce using rule 19 (resto_parametros_funcion)

    resto_parametros_funcion  go to state 120


State 99

   52 exp: '(' exp ')' .

    $default  reduce using rule 52 (exp)


State 100

   42 exp: exp . '+' exp
   43    | exp . '-' exp
   44    | exp . '/' exp
   45    | exp . '*' exp
   47    | exp . TOK_AND exp
   48    | exp . TOK_OR exp
   48    | exp TOK_OR exp .
   60 comparacion: exp . TOK_IGUAL exp
   61            | exp . TOK_DISTINTO exp
   62            | exp . TOK_MENORIGUAL exp
   63            | exp . TOK_MAYORIGUAL exp
   64            | exp . '<' exp
   65            | exp . '>' exp

    TOK_DISTINTO    shift, and go to state 80
    TOK_IGUAL       shift, and go to state 81
    TOK_MENORIGUAL  shift, and go to state 82
    TOK_MAYORIGUAL  shift, and go to state 83
    '<'             shift, and go to state 88
    '>'             shift, and go to state 89

    $default  reduce using rule 48 (exp)


State 101

   42 exp: exp . '+' exp
   43    | exp . '-' exp
   44    | exp . '/' exp
   45    | exp . '*' exp
   47    | exp . TOK_AND exp
   47    | exp TOK_AND exp .
   48    | exp . TOK_OR exp
   60 comparacion: exp . TOK_IGUAL exp
   61            | exp . TOK_DISTINTO exp
   62            | exp . TOK_MENORIGUAL exp
   63            | exp . TOK_MAYORIGUAL exp
   64            | exp . '<' exp
   65            | exp . '>' exp

    TOK_DISTINTO    shift, and go to state 80
    TOK_IGUAL       shift, and go to state 81
    TOK_MENORIGUAL  shift, and go to state 82
    TOK_MAYORIGUAL  shift, and go to state 83
    '<'             shift, and go to state 88
    '>'             shift, and go to state 89

    $default  reduce using rule 47 (exp)


State 102

   42 exp: exp . '+' exp
   43    | exp . '-' exp
   44    | exp . '/' exp
   45    | exp . '*' exp
   47    | exp . TOK_AND exp
   48    | exp . TOK_OR exp
   60 comparacion: exp . TOK_IGUAL exp
   61            | exp . TOK_DISTINTO exp
   61            | exp TOK_DISTINTO exp .
   62            | exp . TOK_MENORIGUAL exp
   63            | exp . TOK_MAYORIGUAL exp
   64            | exp . '<' exp
   65            | exp . '>' exp

    TOK_MENORIGUAL  shift, and go to state 82
    TOK_MAYORIGUAL  shift, and go to state 83
    '<'             shift, and go to state 88
    '>'             shift, and go to state 89

    $default  reduce using rule 61 (comparacion)


State 103

   42 exp: exp . '+' exp
   43    | exp . '-' exp
   44    | exp . '/' exp
   45    | exp . '*' exp
   47    | exp . TOK_AND exp
   48    | exp . TOK_OR exp
   60 comparacion: exp . TOK_IGUAL exp
   60            | exp TOK_IGUAL exp .
   61            | exp . TOK_DISTINTO exp
   62            | exp . TOK_MENORIGUAL exp
   63            | exp . TOK_MAYORIGUAL exp
   64            | exp . '<' exp
   65            | exp . '>' exp

    TOK_MENORIGUAL  shift, and go to state 82
    TOK_MAYORIGUAL  shift, and go to state 83
    '<'             shift, and go to state 88
    '>'             shift, and go to state 89

    $default  reduce using rule 60 (comparacion)


State 104

   42 exp: exp . '+' exp
   43    | exp . '-' exp
   44    | exp . '/' exp
   45    | exp . '*' exp
   47    | exp . TOK_AND exp
   48    | exp . TOK_OR exp
   60 comparacion: exp . TOK_IGUAL exp
   61            | exp . TOK_DISTINTO exp
   62            | exp . TOK_MENORIGUAL exp
   62            | exp TOK_MENORIGUAL exp .
   63            | exp . TOK_MAYORIGUAL exp
   64            | exp . '<' exp
   65            | exp . '>' exp

    $default  reduce using rule 62 (comparacion)


State 105

   42 exp: exp . '+' exp
   43    | exp . '-' exp
   44    | exp . '/' exp
   45    | exp . '*' exp
   47    | exp . TOK_AND exp
   48    | exp . TOK_OR exp
   60 comparacion: exp . TOK_IGUAL exp
   61            | exp . TOK_DISTINTO exp
   62            | exp . TOK_MENORIGUAL exp
   63            | exp . TOK_MAYORIGUAL exp
   63            | exp TOK_MAYORIGUAL exp .
   64            | exp . '<' exp
   65            | exp . '>' exp

    $default  reduce using rule 63 (comparacion)


State 106

   42 exp: exp . '+' exp
   42    | exp '+' exp .
   43    | exp . '-' exp
   44    | exp . '/' exp
   45    | exp . '*' exp
   47    | exp . TOK_AND exp
   48    | exp . TOK_OR exp
   60 comparacion: exp . TOK_IGUAL exp
   61            | exp . TOK_DISTINTO exp
   62            | exp . TOK_MENORIGUAL exp
   63            | exp . TOK_MAYORIGUAL exp
   64            | exp . '<' exp
   65            | exp . '>' exp

    TOK_DISTINTO    shift, and go to state 80
    TOK_IGUAL       shift, and go to state 81
    TOK_MENORIGUAL  shift, and go to state 82
    TOK_MAYORIGUAL  shift, and go to state 83
    '<'             shift, and go to state 88
    '>'             shift, and go to state 89

    $default  reduce using rule 42 (exp)


State 107

   42 exp: exp . '+' exp
   43    | exp . '-' exp
   43    | exp '-' exp .
   44    | exp . '/' exp
   45    | exp . '*' exp
   47    | exp . TOK_AND exp
   48    | exp . TOK_OR exp
   60 comparacion: exp . TOK_IGUAL exp
   61            | exp . TOK_DISTINTO exp
   62            | exp . TOK_MENORIGUAL exp
   63            | exp . TOK_MAYORIGUAL exp
   64            | exp . '<' exp
   65            | exp . '>' exp

    TOK_DISTINTO    shift, and go to state 80
    TOK_IGUAL       shift, and go to state 81
    TOK_MENORIGUAL  shift, and go to state 82
    TOK_MAYORIGUAL  shift, and go to state 83
    '<'             shift, and go to state 88
    '>'             shift, and go to state 89

    $default  reduce using rule 43 (exp)


State 108

   42 exp: exp . '+' exp
   43    | exp . '-' exp
   44    | exp . '/' exp
   45    | exp . '*' exp
   45    | exp '*' exp .
   47    | exp . TOK_AND exp
   48    | exp . TOK_OR exp
   60 comparacion: exp . TOK_IGUAL exp
   61            | exp . TOK_DISTINTO exp
   62            | exp . TOK_MENORIGUAL exp
   63            | exp . TOK_MAYORIGUAL exp
   64            | exp . '<' exp
   65            | exp . '>' exp

    TOK_DISTINTO    shift, and go to state 80
    TOK_IGUAL       shift, and go to state 81
    TOK_MENORIGUAL  shift, and go to state 82
    TOK_MAYORIGUAL  shift, and go to state 83
    '<'             shift, and go to state 88
    '>'             shift, and go to state 89

    $default  reduce using rule 45 (exp)


State 109

   42 exp: exp . '+' exp
   43    | exp . '-' exp
   44    | exp . '/' exp
   44    | exp '/' exp .
   45    | exp . '*' exp
   47    | exp . TOK_AND exp
   48    | exp . TOK_OR exp
   60 comparacion: exp . TOK_IGUAL exp
   61            | exp . TOK_DISTINTO exp
   62            | exp . TOK_MENORIGUAL exp
   63            | exp . TOK_MAYORIGUAL exp
   64            | exp . '<' exp
   65            | exp . '>' exp

    TOK_DISTINTO    shift, and go to state 80
    TOK_IGUAL       shift, and go to state 81
    TOK_MENORIGUAL  shift, and go to state 82
    TOK_MAYORIGUAL  shift, and go to state 83
    '<'             shift, and go to state 88
    '>'             shift, and go to state 89

    $default  reduce using rule 44 (exp)


State 110

   42 exp: exp . '+' exp
   43    | exp . '-' exp
   44    | exp . '/' exp
   45    | exp . '*' exp
   47    | exp . TOK_AND exp
   48    | exp . TOK_OR exp
   60 comparacion: exp . TOK_IGUAL exp
   61            | exp . TOK_DISTINTO exp
   62            | exp . TOK_MENORIGUAL exp
   63            | exp . TOK_MAYORIGUAL exp
   64            | exp . '<' exp
   64            | exp '<' exp .
   65            | exp . '>' exp

    $default  reduce using rule 64 (comparacion)


State 111

   42 exp: exp . '+' exp
   43    | exp . '-' exp
   44    | exp . '/' exp
   45    | exp . '*' exp
   47    | exp . TOK_AND exp
   48    | exp . TOK_OR exp
   60 comparacion: exp . TOK_IGUAL exp
   61            | exp . TOK_DISTINTO exp
   62            | exp . TOK_MENORIGUAL exp
   63            | exp . TOK_MAYORIGUAL exp
   64            | exp . '<' exp
   65            | exp . '>' exp
   65            | exp '>' exp .

    $default  reduce using rule 65 (comparacion)


State 112

   42 exp: exp . '+' exp
   43    | exp . '-' exp
   44    | exp . '/' exp
   45    | exp . '*' exp
   47    | exp . TOK_AND exp
   48    | exp . TOK_OR exp
   56 lista_expresiones: exp . resto_lista_expresiones
   60 comparacion: exp . TOK_IGUAL exp
   61            | exp . TOK_DISTINTO exp
   62            | exp . TOK_MENORIGUAL exp
   63            | exp . TOK_MAYORIGUAL exp
   64            | exp . '<' exp
   65            | exp . '>' exp

    TOK_OR          shift, and go to state 78
    TOK_AND         shift, and go to state 79
    TOK_DISTINTO    shift, and go to state 80
    TOK_IGUAL       shift, and go to state 81
    TOK_MENORIGUAL  shift, and go to state 82
    TOK_MAYORIGUAL  shift, and go to state 83
    '+'             shift, and go to state 84
    '-'             shift, and go to state 85
    '*'             shift, and go to state 86
    '/'             shift, and go to state 87
    '<'             shift, and go to state 88
    '>'             shift, and go to state 89
    ','             shift, and go to state 121

    $default  reduce using rule 59 (resto_lista_expresiones)

    resto_lista_expresiones  go to state 122


State 113

   55 exp: identificador '(' lista_expresiones . ')'

    ')'  shift, and go to state 123


State 114

   36 condicional: TOK_IF '(' exp ')' . '{' sentencias '}'
   37            | TOK_IF '(' exp ')' . '{' sentencias '}' TOK_ELSE '{' sentencias '}'

    '{'  shift, and go to state 124


State 115

   38 bucle: TOK_WHILE '(' exp ')' . '{' sentencias '}'

    '{'  shift, and go to state 125


State 116

   35 elemento_vector: identificador '[' exp ']' .

    $default  reduce using rule 35 (elemento_vector)


State 117

   20 parametro_funcion: tipo identificador .

    $default  reduce using rule 20 (parametro_funcion)


State 118

   15 funcion: TOK_FUNCTION tipo identificador '(' parametros_funcion ')' . '{' declaraciones_funcion sentencias '}'

    '{'  shift, and go to state 126


State 119

   18 resto_parametros_funcion: ';' . parametro_funcion resto_parametros_funcion

    TOK_INT      shift, and go to state 6
    TOK_BOOLEAN  shift, and go to state 7

    tipo               go to state 96
    parametro_funcion  go to state 127


State 120

   16 parametros_funcion: parametro_funcion resto_parametros_funcion .

    $default  reduce using rule 16 (parametros_funcion)


State 121

   58 resto_lista_expresiones: ',' . exp resto_lista_expresiones

    TOK_IDENTIFICADOR     shift, and go to state 19
    TOK_CONSTANTE_ENTERA  shift, and go to state 44
    TOK_TRUE              shift, and go to state 49
    TOK_FALSE             shift, and go to state 50
    '-'                   shift, and go to state 51
    '!'                   shift, and go to state 52
    '('                   shift, and go to state 53

    elemento_vector   go to state 54
    exp               go to state 128
    comparacion       go to state 56
    constante         go to state 57
    constante_logica  go to state 58
    constante_entera  go to state 59
    numero            go to state 46
    identificador     go to state 60
    digito            go to state 47


State 122

   56 lista_expresiones: exp resto_lista_expresiones .

    $default  reduce using rule 56 (lista_expresiones)


State 123

   55 exp: identificador '(' lista_expresiones ')' .

    $default  reduce using rule 55 (exp)


State 124

   36 condicional: TOK_IF '(' exp ')' '{' . sentencias '}'
   37            | TOK_IF '(' exp ')' '{' . sentencias '}' TOK_ELSE '{' sentencias '}'

    TOK_IDENTIFICADOR  shift, and go to state 19
    TOK_RETURN         shift, and go to state 24
    TOK_SCANF          shift, and go to state 25
    TOK_PRINTF         shift, and go to state 26
    TOK_IF             shift, and go to state 27
    TOK_WHILE          shift, and go to state 28

    sentencias        go to state 129
    sentencia         go to state 30
    sentencia_simple  go to state 31
    bloque            go to state 32
    asignacion        go to state 33
    elemento_vector   go to state 34
    condicional       go to state 35
    bucle             go to state 36
    lectura           go to state 37
    escritura         go to state 38
    retorno_funcion   go to state 39
    identificador     go to state 40


State 125

   38 bucle: TOK_WHILE '(' exp ')' '{' . sentencias '}'

    TOK_IDENTIFICADOR  shift, and go to state 19
    TOK_RETURN         shift, and go to state 24
    TOK_SCANF          shift, and go to state 25
    TOK_PRINTF         shift, and go to state 26
    TOK_IF             shift, and go to state 27
    TOK_WHILE          shift, and go to state 28

    sentencias        go to state 130
    sentencia         go to state 30
    sentencia_simple  go to state 31
    bloque            go to state 32
    asignacion        go to state 33
    elemento_vector   go to state 34
    condicional       go to state 35
    bucle             go to state 36
    lectura           go to state 37
    escritura         go to state 38
    retorno_funcion   go to state 39
    identificador     go to state 40


State 126

   15 funcion: TOK_FUNCTION tipo identificador '(' parametros_funcion ')' '{' . declaraciones_funcion sentencias '}'

    TOK_ARRAY    shift, and go to state 5
    TOK_INT      shift, and go to state 6
    TOK_BOOLEAN  shift, and go to state 7

    $default  reduce using rule 22 (declaraciones_funcion)

    declaraciones          go to state 131
    declaracion            go to state 9
    clase                  go to state 10
    clase_escalar          go to state 11
    tipo                   go to state 12
    clase_vector           go to state 13
    declaraciones_funcion  go to state 132


State 127

   18 resto_parametros_funcion: ';' parametro_funcion . resto_parametros_funcion

    ';'  shift, and go to state 119

    $default  reduce using rule 19 (resto_parametros_funcion)

    resto_parametros_funcion  go to state 133


State 128

   42 exp: exp . '+' exp
   43    | exp . '-' exp
   44    | exp . '/' exp
   45    | exp . '*' exp
   47    | exp . TOK_AND exp
   48    | exp . TOK_OR exp
   58 resto_lista_expresiones: ',' exp . resto_lista_expresiones
   60 comparacion: exp . TOK_IGUAL exp
   61            | exp . TOK_DISTINTO exp
   62            | exp . TOK_MENORIGUAL exp
   63            | exp . TOK_MAYORIGUAL exp
   64            | exp . '<' exp
   65            | exp . '>' exp

    TOK_OR          shift, and go to state 78
    TOK_AND         shift, and go to state 79
    TOK_DISTINTO    shift, and go to state 80
    TOK_IGUAL       shift, and go to state 81
    TOK_MENORIGUAL  shift, and go to state 82
    TOK_MAYORIGUAL  shift, and go to state 83
    '+'             shift, and go to state 84
    '-'             shift, and go to state 85
    '*'             shift, and go to state 86
    '/'             shift, and go to state 87
    '<'             shift, and go to state 88
    '>'             shift, and go to state 89
    ','             shift, and go to state 121

    $default  reduce using rule 59 (resto_lista_expresiones)

    resto_lista_expresiones  go to state 134


State 129

   36 condicional: TOK_IF '(' exp ')' '{' sentencias . '}'
   37            | TOK_IF '(' exp ')' '{' sentencias . '}' TOK_ELSE '{' sentencias '}'

    '}'  shift, and go to state 135


State 130

   38 bucle: TOK_WHILE '(' exp ')' '{' sentencias . '}'

    '}'  shift, and go to state 136


State 131

   21 declaraciones_funcion: declaraciones .

    $default  reduce using rule 21 (declaraciones_funcion)


State 132

   15 funcion: TOK_FUNCTION tipo identificador '(' parametros_funcion ')' '{' declaraciones_funcion . sentencias '}'

    TOK_IDENTIFICADOR  shift, and go to state 19
    TOK_RETURN         shift, and go to state 24
    TOK_SCANF          shift, and go to state 25
    TOK_PRINTF         shift, and go to state 26
    TOK_IF             shift, and go to state 27
    TOK_WHILE          shift, and go to state 28

    sentencias        go to state 137
    sentencia         go to state 30
    sentencia_simple  go to state 31
    bloque            go to state 32
    asignacion        go to state 33
    elemento_vector   go to state 34
    condicional       go to state 35
    bucle             go to state 36
    lectura           go to state 37
    escritura         go to state 38
    retorno_funcion   go to state 39
    identificador     go to state 40


State 133

   18 resto_parametros_funcion: ';' parametro_funcion resto_parametros_funcion .

    $default  reduce using rule 18 (resto_parametros_funcion)


State 134

   58 resto_lista_expresiones: ',' exp resto_lista_expresiones .

    $default  reduce using rule 58 (resto_lista_expresiones)


State 135

   36 condicional: TOK_IF '(' exp ')' '{' sentencias '}' .
   37            | TOK_IF '(' exp ')' '{' sentencias '}' . TOK_ELSE '{' sentencias '}'

    TOK_ELSE  shift, and go to state 138

    $default  reduce using rule 36 (condicional)


State 136

   38 bucle: TOK_WHILE '(' exp ')' '{' sentencias '}' .

    $default  reduce using rule 38 (bucle)


State 137

   15 funcion: TOK_FUNCTION tipo identificador '(' parametros_funcion ')' '{' declaraciones_funcion sentencias . '}'

    '}'  shift, and go to state 139


State 138

   37 condicional: TOK_IF '(' exp ')' '{' sentencias '}' TOK_ELSE . '{' sentencias '}'

    '{'  shift, and go to state 140


State 139

   15 funcion: TOK_FUNCTION tipo identificador '(' parametros_funcion ')' '{' declaraciones_funcion sentencias '}' .

    $default  reduce using rule 15 (funcion)


State 140

   37 condicional: TOK_IF '(' exp ')' '{' sentencias '}' TOK_ELSE '{' . sentencias '}'

    TOK_IDENTIFICADOR  shift, and go to state 19
    TOK_RETURN         shift, and go to state 24
    TOK_SCANF          shift, and go to state 25
    TOK_PRINTF         shift, and go to state 26
    TOK_IF             shift, and go to state 27
    TOK_WHILE          shift, and go to state 28

    sentencias        go to state 141
    sentencia         go to state 30
    sentencia_simple  go to state 31
    bloque            go to state 32
    asignacion        go to state 33
    elemento_vector   go to state 34
    condicional       go to state 35
    bucle             go to state 36
    lectura           go to state 37
    escritura         go to state 38
    retorno_funcion   go to state 39
    identificador     go to state 40


State 141

   37 condicional: TOK_IF '(' exp ')' '{' sentencias '}' TOK_ELSE '{' sentencias . '}'

    '}'  shift, and go to state 142


State 142

   37 condicional: TOK_IF '(' exp ')' '{' sentencias '}' TOK_ELSE '{' sentencias '}' .

    $default  reduce using rule 37 (condicional)
